Python 3.12.3
[2025-08-26 15:35:50 WIB] running probability chain using /home/mkemalw/Projects/SSSAHAM_SERVICE/rekomendasi/bpjs_rekomendasi_2025-08-26_1415.csv ...
Snapshot missing columns: {'afternoon_power', 'closing_strength'} in /home/mkemalw/Projects/SSSAHAM_SERVICE/rekomendasi/bpjs_rekomendasi_2025-08-26_1415.csv
Python 3.12.3
[2025-08-26 15:46:12 WIB] running probability chain using /home/mkemalw/Projects/SSSAHAM_SERVICE/rekomendasi/bpjs_rekomendasi_2025-08-26_1415.csv ...
Snapshot missing columns: {'afternoon_power', 'closing_strength'} in /home/mkemalw/Projects/SSSAHAM_SERVICE/rekomendasi/bpjs_rekomendasi_2025-08-26_1415.csv
Python 3.12.3
[2025-08-26 15:48:10 WIB] running probability chain using /home/mkemalw/Projects/SSSAHAM_SERVICE/rekomendasi/bpjs_rekomendasi_2025-08-26_1415.csv ...
Snapshot missing columns: {'closing_strength', 'afternoon_power'} in /home/mkemalw/Projects/SSSAHAM_SERVICE/rekomendasi/bpjs_rekomendasi_2025-08-26_0930.csv
Python 3.12.3
[2025-08-26 15:49:47 WIB] running probability chain using /home/mkemalw/Projects/SSSAHAM_SERVICE/rekomendasi/bpjs_rekomendasi_2025-08-26_1415.csv ...
Snapshot missing columns: {'afternoon_power', 'closing_strength'} in /home/mkemalw/Projects/SSSAHAM_SERVICE/rekomendasi/bpjs_rekomendasi_2025-08-26_1130.csv
Python 3.12.3
[2025-08-26 15:50:37 WIB] running probability chain using /home/mkemalw/Projects/SSSAHAM_SERVICE/rekomendasi/bpjs_rekomendasi_2025-08-26_1415.csv ...
[OK] wrote rekomendasi/bpjs_rekomendasi_2025-08-26.csv  rows=10
Rekomendasi Singkat Kode Saham  Skor Sistem  Kekuatan Menjelang Tutup  Dorongan Sore  Konsistensi Muncul  Kecepatan Volume  Peluang Bertahan sampai Tutup  Peluang Naik ≥3% Besok Pagi  Peluang Lanjut Naik Lusa  Peluang Total Berantai  Kelompok Likuiditas  Kelompok Volatilitas Arah Buka  Rata-rata: Bertahan sampai Tutup  Rata-rata: Naik ≥3% Besok Pagi  Rata-rata: Lanjut Naik Lusa
   beli keluar lusa    YULE.JK      207.681                     1.000          0.446                   2             91.14                          0.730                        0.443                     0.808                   0.260                    1                     7      flat                             0.701                           0.226                        0.830
   beli keluar lusa    JECC.JK      157.764                     0.789          0.842                   2            138.14                          0.593                        0.513                     0.726                   0.220                    7                     8        up                             0.464                           0.331                        0.684
            neutral    RELI.JK      104.486                     0.522          0.676                   3             39.68                          0.661                        0.439                     0.756                   0.218                    6                     9        up                             0.657                           0.292                        0.813
            neutral    POLU.JK      185.045                     0.925          0.381                   1              8.28                          0.667                        0.436                     0.765                   0.214                    7                     9      flat                             0.657                           0.292                        0.813
            neutral    TOBA.JK      107.870                     0.539          0.852                   1             16.96                          0.651                        0.426                     0.747                   0.203                    9                     8        up                             0.657                           0.292                        0.813
               skip    BUAH.JK      145.688                     0.728          0.300                   3             45.80                          0.653                        0.369                     0.705                   0.169                    6                     8      flat                             0.654                           0.186                        0.741
               skip    CBUT.JK      120.313                     0.602          0.184                   3             19.44                          0.614                        0.389                     0.710                   0.167                    6                     9        up                             0.657                           0.292                        0.813
               skip    SHIP.JK      117.669                     0.588          0.178                   3              4.56                          0.615                        0.376                     0.717                   0.155                    6                     9      flat                             0.657                           0.292                        0.813
               skip    AADI.JK       97.034                     0.485          0.058                   2              2.20                          0.575                        0.322                     0.683                   0.112                    9                     9      flat                             0.657                           0.292                        0.813
               skip    INTP.JK      102.748                     0.514          0.058                   1              2.43                          0.563                        0.312                     0.671                   0.106                    9                     9      flat                             0.657                           0.292                        0.813
[2025-08-26 15:50:39 WIB] completed but output not found; check logs
